[0.016s] Invoking command in '/home/shameer/homework2b/build/mobile_dd_robot': CMAKE_PREFIX_PATH=/opt/ros/humble /usr/bin/cmake --build /home/shameer/homework2b/build/mobile_dd_robot -- -j8 -l8
[0.051s] -- Found ament_cmake: 1.3.10 (/opt/ros/humble/share/ament_cmake/cmake)
[0.233s] -- Found ament_lint_auto: 0.12.11 (/opt/ros/humble/share/ament_lint_auto/cmake)
[0.337s] -- Added test 'flake8' to check Python code syntax and style conventions
[0.338s] -- Added test 'lint_cmake' to check CMake code style
[0.338s] -- Added test 'pep257' to check Python code against some of the docstring style conventions in PEP 257
[0.340s] -- Added test 'xmllint' to check XML markup files
[0.341s] -- Configuring done
[0.347s] -- Generating done
[0.348s] -- Build files have been written to: /home/shameer/homework2b/build/mobile_dd_robot
[0.382s] Invoked command in '/home/shameer/homework2b/build/mobile_dd_robot' returned '0': CMAKE_PREFIX_PATH=/opt/ros/humble /usr/bin/cmake --build /home/shameer/homework2b/build/mobile_dd_robot -- -j8 -l8
[0.437s] Invoking command in '/home/shameer/homework2b/build/mobile_dd_robot': CMAKE_PREFIX_PATH=/opt/ros/humble /usr/bin/cmake --install /home/shameer/homework2b/build/mobile_dd_robot
[0.450s] -- Install configuration: ""
[0.450s] -- Installing: /home/shameer/homework2b/install/mobile_dd_robot/share/mobile_dd_robot/launch
[0.450s] -- Installing: /home/shameer/homework2b/install/mobile_dd_robot/share/mobile_dd_robot/launch/gazebo_model.launch.py
[0.450s] -- Installing: /home/shameer/homework2b/install/mobile_dd_robot/share/mobile_dd_robot/model
[0.451s] -- Installing: /home/shameer/homework2b/install/mobile_dd_robot/share/mobile_dd_robot/model/robot.gazebo
[0.451s] -- Installing: /home/shameer/homework2b/install/mobile_dd_robot/share/mobile_dd_robot/model/robot.xacro
[0.451s] -- Installing: /home/shameer/homework2b/install/mobile_dd_robot/share/ament_index/resource_index/package_run_dependencies/mobile_dd_robot
[0.451s] -- Up-to-date: /home/shameer/homework2b/install/mobile_dd_robot/share/ament_index/resource_index/parent_prefix_path/mobile_dd_robot
[0.451s] -- Up-to-date: /home/shameer/homework2b/install/mobile_dd_robot/share/mobile_dd_robot/environment/ament_prefix_path.sh
[0.452s] -- Installing: /home/shameer/homework2b/install/mobile_dd_robot/share/mobile_dd_robot/environment/ament_prefix_path.dsv
[0.452s] -- Up-to-date: /home/shameer/homework2b/install/mobile_dd_robot/share/mobile_dd_robot/environment/path.sh
[0.452s] -- Installing: /home/shameer/homework2b/install/mobile_dd_robot/share/mobile_dd_robot/environment/path.dsv
[0.452s] -- Up-to-date: /home/shameer/homework2b/install/mobile_dd_robot/share/mobile_dd_robot/local_setup.bash
[0.452s] -- Up-to-date: /home/shameer/homework2b/install/mobile_dd_robot/share/mobile_dd_robot/local_setup.sh
[0.452s] -- Up-to-date: /home/shameer/homework2b/install/mobile_dd_robot/share/mobile_dd_robot/local_setup.zsh
[0.453s] -- Installing: /home/shameer/homework2b/install/mobile_dd_robot/share/mobile_dd_robot/local_setup.dsv
[0.453s] -- Installing: /home/shameer/homework2b/install/mobile_dd_robot/share/mobile_dd_robot/package.dsv
[0.453s] -- Up-to-date: /home/shameer/homework2b/install/mobile_dd_robot/share/ament_index/resource_index/packages/mobile_dd_robot
[0.453s] -- Up-to-date: /home/shameer/homework2b/install/mobile_dd_robot/share/mobile_dd_robot/cmake/mobile_dd_robotConfig.cmake
[0.453s] -- Up-to-date: /home/shameer/homework2b/install/mobile_dd_robot/share/mobile_dd_robot/cmake/mobile_dd_robotConfig-version.cmake
[0.453s] -- Installing: /home/shameer/homework2b/install/mobile_dd_robot/share/mobile_dd_robot/package.xml
[0.456s] Invoked command in '/home/shameer/homework2b/build/mobile_dd_robot' returned '0': CMAKE_PREFIX_PATH=/opt/ros/humble /usr/bin/cmake --install /home/shameer/homework2b/build/mobile_dd_robot
