[0.134s] DEBUG:colcon:Command line arguments: ['/usr/bin/colcon', 'build']
[0.134s] DEBUG:colcon:Parsed command line arguments: Namespace(log_base=None, log_level=None, verb_name='build', build_base='build', install_base='install', merge_install=False, symlink_install=False, test_result_base=None, continue_on_error=False, executor='parallel', parallel_workers=8, event_handlers=None, ignore_user_meta=False, metas=['./colcon.meta'], base_paths=['.'], packages_ignore=None, packages_ignore_regex=None, paths=None, packages_up_to=None, packages_up_to_regex=None, packages_above=None, packages_above_and_dependencies=None, packages_above_depth=None, packages_select_by_dep=None, packages_skip_by_dep=None, packages_skip_up_to=None, packages_select_build_failed=False, packages_skip_build_finished=False, packages_select_test_failures=False, packages_skip_test_passed=False, packages_select=None, packages_skip=None, packages_select_regex=None, packages_skip_regex=None, packages_start=None, packages_end=None, allow_overriding=[], cmake_args=None, cmake_target=None, cmake_target_skip_unavailable=False, cmake_clean_cache=False, cmake_clean_first=False, cmake_force_configure=False, ament_cmake_args=None, catkin_cmake_args=None, catkin_skip_building_tests=False, mixin_files=None, mixin=None, verb_parser=<colcon_mixin.mixin.mixin_argument.MixinArgumentDecorator object at 0x7708a5a46140>, verb_extension=<colcon_core.verb.build.BuildVerb object at 0x7708a5a45c60>, main=<bound method BuildVerb.main of <colcon_core.verb.build.BuildVerb object at 0x7708a5a45c60>>, mixin_verb=('build',))
[0.326s] Level 1:colcon.colcon_core.package_discovery:discover_packages(colcon_meta) check parameters
[0.326s] Level 1:colcon.colcon_core.package_discovery:discover_packages(recursive) check parameters
[0.326s] Level 1:colcon.colcon_core.package_discovery:discover_packages(ignore) check parameters
[0.326s] Level 1:colcon.colcon_core.package_discovery:discover_packages(path) check parameters
[0.326s] Level 1:colcon.colcon_core.package_discovery:discover_packages(colcon_meta) discover
[0.326s] Level 1:colcon.colcon_core.package_discovery:discover_packages(recursive) discover
[0.326s] INFO:colcon.colcon_core.package_discovery:Crawling recursively for packages in '/home/shameer/homework2b'
[0.326s] Level 1:colcon.colcon_core.package_identification:_identify(.) by extensions ['ignore', 'ignore_ament_install']
[0.327s] Level 1:colcon.colcon_core.package_identification:_identify(.) by extension 'ignore'
[0.327s] Level 1:colcon.colcon_core.package_identification:_identify(.) by extension 'ignore_ament_install'
[0.327s] Level 1:colcon.colcon_core.package_identification:_identify(.) by extensions ['colcon_pkg']
[0.327s] Level 1:colcon.colcon_core.package_identification:_identify(.) by extension 'colcon_pkg'
[0.327s] Level 1:colcon.colcon_core.package_identification:_identify(.) by extensions ['colcon_meta']
[0.327s] Level 1:colcon.colcon_core.package_identification:_identify(.) by extension 'colcon_meta'
[0.327s] Level 1:colcon.colcon_core.package_identification:_identify(.) by extensions ['ros']
[0.327s] Level 1:colcon.colcon_core.package_identification:_identify(.) by extension 'ros'
[0.340s] Level 1:colcon.colcon_core.package_identification:_identify(.) by extensions ['cmake', 'python']
[0.340s] Level 1:colcon.colcon_core.package_identification:_identify(.) by extension 'cmake'
[0.340s] Level 1:colcon.colcon_core.package_identification:_identify(.) by extension 'python'
[0.340s] Level 1:colcon.colcon_core.package_identification:_identify(.) by extensions ['python_setup_py']
[0.340s] Level 1:colcon.colcon_core.package_identification:_identify(.) by extension 'python_setup_py'
[0.340s] Level 1:colcon.colcon_core.package_identification:_identify(build) by extensions ['ignore', 'ignore_ament_install']
[0.341s] Level 1:colcon.colcon_core.package_identification:_identify(build) by extension 'ignore'
[0.341s] Level 1:colcon.colcon_core.package_identification:_identify(build) ignored
[0.341s] Level 1:colcon.colcon_core.package_identification:_identify(install) by extensions ['ignore', 'ignore_ament_install']
[0.341s] Level 1:colcon.colcon_core.package_identification:_identify(install) by extension 'ignore'
[0.341s] Level 1:colcon.colcon_core.package_identification:_identify(install) ignored
[0.341s] Level 1:colcon.colcon_core.package_identification:_identify(log) by extensions ['ignore', 'ignore_ament_install']
[0.341s] Level 1:colcon.colcon_core.package_identification:_identify(log) by extension 'ignore'
[0.341s] Level 1:colcon.colcon_core.package_identification:_identify(log) ignored
[0.341s] Level 1:colcon.colcon_core.package_identification:_identify(src) by extensions ['ignore', 'ignore_ament_install']
[0.341s] Level 1:colcon.colcon_core.package_identification:_identify(src) by extension 'ignore'
[0.341s] Level 1:colcon.colcon_core.package_identification:_identify(src) by extension 'ignore_ament_install'
[0.341s] Level 1:colcon.colcon_core.package_identification:_identify(src) by extensions ['colcon_pkg']
[0.341s] Level 1:colcon.colcon_core.package_identification:_identify(src) by extension 'colcon_pkg'
[0.342s] Level 1:colcon.colcon_core.package_identification:_identify(src) by extensions ['colcon_meta']
[0.342s] Level 1:colcon.colcon_core.package_identification:_identify(src) by extension 'colcon_meta'
[0.342s] Level 1:colcon.colcon_core.package_identification:_identify(src) by extensions ['ros']
[0.342s] Level 1:colcon.colcon_core.package_identification:_identify(src) by extension 'ros'
[0.342s] Level 1:colcon.colcon_core.package_identification:_identify(src) by extensions ['cmake', 'python']
[0.342s] Level 1:colcon.colcon_core.package_identification:_identify(src) by extension 'cmake'
[0.342s] Level 1:colcon.colcon_core.package_identification:_identify(src) by extension 'python'
[0.342s] Level 1:colcon.colcon_core.package_identification:_identify(src) by extensions ['python_setup_py']
[0.342s] Level 1:colcon.colcon_core.package_identification:_identify(src) by extension 'python_setup_py'
[0.342s] Level 1:colcon.colcon_core.package_identification:_identify(src/mobile_dd_robot) by extensions ['ignore', 'ignore_ament_install']
[0.342s] Level 1:colcon.colcon_core.package_identification:_identify(src/mobile_dd_robot) by extension 'ignore'
[0.342s] Level 1:colcon.colcon_core.package_identification:_identify(src/mobile_dd_robot) by extension 'ignore_ament_install'
[0.342s] Level 1:colcon.colcon_core.package_identification:_identify(src/mobile_dd_robot) by extensions ['colcon_pkg']
[0.342s] Level 1:colcon.colcon_core.package_identification:_identify(src/mobile_dd_robot) by extension 'colcon_pkg'
[0.342s] Level 1:colcon.colcon_core.package_identification:_identify(src/mobile_dd_robot) by extensions ['colcon_meta']
[0.342s] Level 1:colcon.colcon_core.package_identification:_identify(src/mobile_dd_robot) by extension 'colcon_meta'
[0.343s] Level 1:colcon.colcon_core.package_identification:_identify(src/mobile_dd_robot) by extensions ['ros']
[0.343s] Level 1:colcon.colcon_core.package_identification:_identify(src/mobile_dd_robot) by extension 'ros'
[0.345s] DEBUG:colcon.colcon_core.package_identification:Package 'src/mobile_dd_robot' with type 'ros.ament_cmake' and name 'mobile_dd_robot'
[0.345s] Level 1:colcon.colcon_core.package_discovery:discover_packages(recursive) using defaults
[0.346s] Level 1:colcon.colcon_core.package_discovery:discover_packages(ignore) discover
[0.346s] Level 1:colcon.colcon_core.package_discovery:discover_packages(ignore) using defaults
[0.346s] Level 1:colcon.colcon_core.package_discovery:discover_packages(path) discover
[0.346s] Level 1:colcon.colcon_core.package_discovery:discover_packages(path) using defaults
[0.383s] Level 1:colcon.colcon_core.package_discovery:discover_packages(prefix_path) check parameters
[0.383s] Level 1:colcon.colcon_core.package_discovery:discover_packages(prefix_path) discover
[0.387s] DEBUG:colcon.colcon_installed_package_information.package_discovery:Found 316 installed packages in /opt/ros/humble
[0.389s] Level 1:colcon.colcon_core.package_discovery:discover_packages(prefix_path) using defaults
[0.443s] Level 5:colcon.colcon_core.verb:set package 'mobile_dd_robot' build argument 'cmake_args' from command line to 'None'
[0.443s] Level 5:colcon.colcon_core.verb:set package 'mobile_dd_robot' build argument 'cmake_target' from command line to 'None'
[0.443s] Level 5:colcon.colcon_core.verb:set package 'mobile_dd_robot' build argument 'cmake_target_skip_unavailable' from command line to 'False'
[0.443s] Level 5:colcon.colcon_core.verb:set package 'mobile_dd_robot' build argument 'cmake_clean_cache' from command line to 'False'
[0.443s] Level 5:colcon.colcon_core.verb:set package 'mobile_dd_robot' build argument 'cmake_clean_first' from command line to 'False'
[0.443s] Level 5:colcon.colcon_core.verb:set package 'mobile_dd_robot' build argument 'cmake_force_configure' from command line to 'False'
[0.443s] Level 5:colcon.colcon_core.verb:set package 'mobile_dd_robot' build argument 'ament_cmake_args' from command line to 'None'
[0.443s] Level 5:colcon.colcon_core.verb:set package 'mobile_dd_robot' build argument 'catkin_cmake_args' from command line to 'None'
[0.443s] Level 5:colcon.colcon_core.verb:set package 'mobile_dd_robot' build argument 'catkin_skip_building_tests' from command line to 'False'
[0.443s] DEBUG:colcon.colcon_core.verb:Building package 'mobile_dd_robot' with the following arguments: {'ament_cmake_args': None, 'build_base': '/home/shameer/homework2b/build/mobile_dd_robot', 'catkin_cmake_args': None, 'catkin_skip_building_tests': False, 'cmake_args': None, 'cmake_clean_cache': False, 'cmake_clean_first': False, 'cmake_force_configure': False, 'cmake_target': None, 'cmake_target_skip_unavailable': False, 'install_base': '/home/shameer/homework2b/install/mobile_dd_robot', 'merge_install': False, 'path': '/home/shameer/homework2b/src/mobile_dd_robot', 'symlink_install': False, 'test_result_base': None}
[0.443s] INFO:colcon.colcon_core.executor:Executing jobs using 'parallel' executor
[0.445s] DEBUG:colcon.colcon_parallel_executor.executor.parallel:run_until_complete
[0.445s] INFO:colcon.colcon_ros.task.ament_cmake.build:Building ROS package in '/home/shameer/homework2b/src/mobile_dd_robot' with build type 'ament_cmake'
[0.445s] INFO:colcon.colcon_cmake.task.cmake.build:Building CMake package in '/home/shameer/homework2b/src/mobile_dd_robot'
[0.447s] INFO:colcon.colcon_core.plugin_system:Skipping extension 'colcon_core.shell.bat': Not used on non-Windows systems
[0.447s] INFO:colcon.colcon_core.shell:Skip shell extension 'powershell' for command environment: Not usable outside of PowerShell
[0.448s] DEBUG:colcon.colcon_core.shell:Skip shell extension 'dsv' for command environment
[0.457s] DEBUG:colcon.colcon_core.event_handler.log_command:Invoking command in '/home/shameer/homework2b/build/mobile_dd_robot': CMAKE_PREFIX_PATH=/opt/ros/humble /usr/bin/cmake /home/shameer/homework2b/src/mobile_dd_robot -DCMAKE_INSTALL_PREFIX=/home/shameer/homework2b/install/mobile_dd_robot
[1.458s] DEBUG:colcon.colcon_core.event_handler.log_command:Invoked command in '/home/shameer/homework2b/build/mobile_dd_robot' returned '0': CMAKE_PREFIX_PATH=/opt/ros/humble /usr/bin/cmake /home/shameer/homework2b/src/mobile_dd_robot -DCMAKE_INSTALL_PREFIX=/home/shameer/homework2b/install/mobile_dd_robot
[1.460s] DEBUG:colcon.colcon_core.event_handler.log_command:Invoking command in '/home/shameer/homework2b/build/mobile_dd_robot': CMAKE_PREFIX_PATH=/opt/ros/humble /usr/bin/cmake --build /home/shameer/homework2b/build/mobile_dd_robot -- -j8 -l8
[1.510s] DEBUG:colcon.colcon_core.event_handler.log_command:Invoked command in '/home/shameer/homework2b/build/mobile_dd_robot' returned '0': CMAKE_PREFIX_PATH=/opt/ros/humble /usr/bin/cmake --build /home/shameer/homework2b/build/mobile_dd_robot -- -j8 -l8
[1.553s] DEBUG:colcon.colcon_core.event_handler.log_command:Invoking command in '/home/shameer/homework2b/build/mobile_dd_robot': CMAKE_PREFIX_PATH=/opt/ros/humble /usr/bin/cmake --install /home/shameer/homework2b/build/mobile_dd_robot
[1.569s] Level 1:colcon.colcon_core.environment:create_environment_scripts_only(mobile_dd_robot)
[1.569s] DEBUG:colcon.colcon_core.event_handler.log_command:Invoked command in '/home/shameer/homework2b/build/mobile_dd_robot' returned '0': CMAKE_PREFIX_PATH=/opt/ros/humble /usr/bin/cmake --install /home/shameer/homework2b/build/mobile_dd_robot
[1.572s] Level 1:colcon.colcon_core.environment:checking '/home/shameer/homework2b/install/mobile_dd_robot' for CMake module files
[1.573s] Level 1:colcon.colcon_core.environment:checking '/home/shameer/homework2b/install/mobile_dd_robot' for CMake config files
[1.573s] Level 1:colcon.colcon_core.shell:create_environment_hook('mobile_dd_robot', 'cmake_prefix_path')
[1.574s] INFO:colcon.colcon_core.shell:Creating environment hook '/home/shameer/homework2b/install/mobile_dd_robot/share/mobile_dd_robot/hook/cmake_prefix_path.ps1'
[1.575s] INFO:colcon.colcon_core.shell:Creating environment descriptor '/home/shameer/homework2b/install/mobile_dd_robot/share/mobile_dd_robot/hook/cmake_prefix_path.dsv'
[1.575s] INFO:colcon.colcon_core.shell:Creating environment hook '/home/shameer/homework2b/install/mobile_dd_robot/share/mobile_dd_robot/hook/cmake_prefix_path.sh'
[1.576s] Level 1:colcon.colcon_core.environment:checking '/home/shameer/homework2b/install/mobile_dd_robot/bin'
[1.577s] Level 1:colcon.colcon_core.environment:checking '/home/shameer/homework2b/install/mobile_dd_robot/lib/pkgconfig/mobile_dd_robot.pc'
[1.577s] Level 1:colcon.colcon_core.environment:checking '/home/shameer/homework2b/install/mobile_dd_robot/lib/python3.10/site-packages'
[1.577s] Level 1:colcon.colcon_core.environment:checking '/home/shameer/homework2b/install/mobile_dd_robot/bin'
[1.578s] INFO:colcon.colcon_core.shell:Creating package script '/home/shameer/homework2b/install/mobile_dd_robot/share/mobile_dd_robot/package.ps1'
[1.579s] INFO:colcon.colcon_core.shell:Creating package descriptor '/home/shameer/homework2b/install/mobile_dd_robot/share/mobile_dd_robot/package.dsv'
[1.579s] INFO:colcon.colcon_core.shell:Creating package script '/home/shameer/homework2b/install/mobile_dd_robot/share/mobile_dd_robot/package.sh'
[1.580s] INFO:colcon.colcon_core.shell:Creating package script '/home/shameer/homework2b/install/mobile_dd_robot/share/mobile_dd_robot/package.bash'
[1.581s] INFO:colcon.colcon_core.shell:Creating package script '/home/shameer/homework2b/install/mobile_dd_robot/share/mobile_dd_robot/package.zsh'
[1.582s] Level 1:colcon.colcon_core.environment:create_file_with_runtime_dependencies(/home/shameer/homework2b/install/mobile_dd_robot/share/colcon-core/packages/mobile_dd_robot)
[1.613s] Level 1:colcon.colcon_core.environment:create_environment_scripts_only(mobile_dd_robot)
[1.613s] Level 1:colcon.colcon_core.environment:checking '/home/shameer/homework2b/install/mobile_dd_robot' for CMake module files
[1.614s] Level 1:colcon.colcon_core.environment:checking '/home/shameer/homework2b/install/mobile_dd_robot' for CMake config files
[1.614s] Level 1:colcon.colcon_core.shell:create_environment_hook('mobile_dd_robot', 'cmake_prefix_path')
[1.615s] INFO:colcon.colcon_core.shell:Creating environment hook '/home/shameer/homework2b/install/mobile_dd_robot/share/mobile_dd_robot/hook/cmake_prefix_path.ps1'
[1.615s] INFO:colcon.colcon_core.shell:Creating environment descriptor '/home/shameer/homework2b/install/mobile_dd_robot/share/mobile_dd_robot/hook/cmake_prefix_path.dsv'
[1.616s] INFO:colcon.colcon_core.shell:Creating environment hook '/home/shameer/homework2b/install/mobile_dd_robot/share/mobile_dd_robot/hook/cmake_prefix_path.sh'
[1.617s] Level 1:colcon.colcon_core.environment:checking '/home/shameer/homework2b/install/mobile_dd_robot/bin'
[1.617s] Level 1:colcon.colcon_core.environment:checking '/home/shameer/homework2b/install/mobile_dd_robot/lib/pkgconfig/mobile_dd_robot.pc'
[1.617s] Level 1:colcon.colcon_core.environment:checking '/home/shameer/homework2b/install/mobile_dd_robot/lib/python3.10/site-packages'
[1.617s] Level 1:colcon.colcon_core.environment:checking '/home/shameer/homework2b/install/mobile_dd_robot/bin'
[1.618s] INFO:colcon.colcon_core.shell:Creating package script '/home/shameer/homework2b/install/mobile_dd_robot/share/mobile_dd_robot/package.ps1'
[1.618s] INFO:colcon.colcon_core.shell:Creating package descriptor '/home/shameer/homework2b/install/mobile_dd_robot/share/mobile_dd_robot/package.dsv'
[1.619s] INFO:colcon.colcon_core.shell:Creating package script '/home/shameer/homework2b/install/mobile_dd_robot/share/mobile_dd_robot/package.sh'
[1.619s] INFO:colcon.colcon_core.shell:Creating package script '/home/shameer/homework2b/install/mobile_dd_robot/share/mobile_dd_robot/package.bash'
[1.620s] INFO:colcon.colcon_core.shell:Creating package script '/home/shameer/homework2b/install/mobile_dd_robot/share/mobile_dd_robot/package.zsh'
[1.621s] Level 1:colcon.colcon_core.environment:create_file_with_runtime_dependencies(/home/shameer/homework2b/install/mobile_dd_robot/share/colcon-core/packages/mobile_dd_robot)
[1.621s] DEBUG:colcon.colcon_parallel_executor.executor.parallel:closing loop
[1.622s] DEBUG:colcon.colcon_parallel_executor.executor.parallel:loop closed
[1.622s] DEBUG:colcon.colcon_parallel_executor.executor.parallel:run_until_complete finished with '0'
[1.622s] DEBUG:colcon.colcon_core.event_reactor:joining thread
[1.628s] INFO:colcon.colcon_core.plugin_system:Skipping extension 'colcon_notification.desktop_notification.terminal_notifier': Not used on non-Darwin systems
[1.628s] INFO:colcon.colcon_core.plugin_system:Skipping extension 'colcon_notification.desktop_notification.win32': Not used on non-Windows systems
[1.629s] INFO:colcon.colcon_notification.desktop_notification:Sending desktop notification using 'notify2'
[1.644s] DEBUG:colcon.colcon_core.event_reactor:joined thread
[1.644s] INFO:colcon.colcon_core.shell:Creating prefix script '/home/shameer/homework2b/install/local_setup.ps1'
[1.646s] INFO:colcon.colcon_core.shell:Creating prefix util module '/home/shameer/homework2b/install/_local_setup_util_ps1.py'
[1.648s] INFO:colcon.colcon_core.shell:Creating prefix chain script '/home/shameer/homework2b/install/setup.ps1'
[1.650s] INFO:colcon.colcon_core.shell:Creating prefix script '/home/shameer/homework2b/install/local_setup.sh'
[1.652s] INFO:colcon.colcon_core.shell:Creating prefix util module '/home/shameer/homework2b/install/_local_setup_util_sh.py'
[1.653s] INFO:colcon.colcon_core.shell:Creating prefix chain script '/home/shameer/homework2b/install/setup.sh'
[1.655s] INFO:colcon.colcon_core.shell:Creating prefix script '/home/shameer/homework2b/install/local_setup.bash'
[1.655s] INFO:colcon.colcon_core.shell:Creating prefix chain script '/home/shameer/homework2b/install/setup.bash'
[1.657s] INFO:colcon.colcon_core.shell:Creating prefix script '/home/shameer/homework2b/install/local_setup.zsh'
[1.657s] INFO:colcon.colcon_core.shell:Creating prefix chain script '/home/shameer/homework2b/install/setup.zsh'
