[0.012s] Invoking command in '/home/shameer/homework2b/build/mobile_dd_robot': CMAKE_PREFIX_PATH=${CMAKE_PREFIX_PATH}:/opt/ros/humble /usr/bin/cmake --build /home/shameer/homework2b/build/mobile_dd_robot -- -j8 -l8
[0.061s] Invoked command in '/home/shameer/homework2b/build/mobile_dd_robot' returned '0': CMAKE_PREFIX_PATH=${CMAKE_PREFIX_PATH}:/opt/ros/humble /usr/bin/cmake --build /home/shameer/homework2b/build/mobile_dd_robot -- -j8 -l8
[0.104s] Invoking command in '/home/shameer/homework2b/build/mobile_dd_robot': CMAKE_PREFIX_PATH=${CMAKE_PREFIX_PATH}:/opt/ros/humble /usr/bin/cmake --install /home/shameer/homework2b/build/mobile_dd_robot
[0.114s] -- Install configuration: ""
[0.114s] -- Up-to-date: /home/shameer/homework2b/install/mobile_dd_robot/share/mobile_dd_robot/launch
[0.114s] -- Up-to-date: /home/shameer/homework2b/install/mobile_dd_robot/share/mobile_dd_robot/launch/gazebo_model.launch.py
[0.114s] -- Up-to-date: /home/shameer/homework2b/install/mobile_dd_robot/share/mobile_dd_robot/model
[0.114s] -- Up-to-date: /home/shameer/homework2b/install/mobile_dd_robot/share/mobile_dd_robot/model/robot.gazebo
[0.114s] -- Installing: /home/shameer/homework2b/install/mobile_dd_robot/share/mobile_dd_robot/model/robot.xacro
[0.115s] -- Up-to-date: /home/shameer/homework2b/install/mobile_dd_robot/share/ament_index/resource_index/package_run_dependencies/mobile_dd_robot
[0.115s] -- Up-to-date: /home/shameer/homework2b/install/mobile_dd_robot/share/ament_index/resource_index/parent_prefix_path/mobile_dd_robot
[0.115s] -- Up-to-date: /home/shameer/homework2b/install/mobile_dd_robot/share/mobile_dd_robot/environment/ament_prefix_path.sh
[0.115s] -- Up-to-date: /home/shameer/homework2b/install/mobile_dd_robot/share/mobile_dd_robot/environment/ament_prefix_path.dsv
[0.115s] -- Up-to-date: /home/shameer/homework2b/install/mobile_dd_robot/share/mobile_dd_robot/environment/path.sh
[0.115s] -- Up-to-date: /home/shameer/homework2b/install/mobile_dd_robot/share/mobile_dd_robot/environment/path.dsv
[0.116s] -- Up-to-date: /home/shameer/homework2b/install/mobile_dd_robot/share/mobile_dd_robot/local_setup.bash
[0.116s] -- Up-to-date: /home/shameer/homework2b/install/mobile_dd_robot/share/mobile_dd_robot/local_setup.sh
[0.116s] -- Up-to-date: /home/shameer/homework2b/install/mobile_dd_robot/share/mobile_dd_robot/local_setup.zsh
[0.116s] -- Up-to-date: /home/shameer/homework2b/install/mobile_dd_robot/share/mobile_dd_robot/local_setup.dsv
[0.116s] -- Installing: /home/shameer/homework2b/install/mobile_dd_robot/share/mobile_dd_robot/package.dsv
[0.116s] -- Up-to-date: /home/shameer/homework2b/install/mobile_dd_robot/share/ament_index/resource_index/packages/mobile_dd_robot
[0.116s] -- Up-to-date: /home/shameer/homework2b/install/mobile_dd_robot/share/mobile_dd_robot/cmake/mobile_dd_robotConfig.cmake
[0.116s] -- Up-to-date: /home/shameer/homework2b/install/mobile_dd_robot/share/mobile_dd_robot/cmake/mobile_dd_robotConfig-version.cmake
[0.116s] -- Up-to-date: /home/shameer/homework2b/install/mobile_dd_robot/share/mobile_dd_robot/package.xml
[0.119s] Invoked command in '/home/shameer/homework2b/build/mobile_dd_robot' returned '0': CMAKE_PREFIX_PATH=${CMAKE_PREFIX_PATH}:/opt/ros/humble /usr/bin/cmake --install /home/shameer/homework2b/build/mobile_dd_robot
