[0.012s] Invoking command in '/home/shameer/homework2b/build/mobile_dd_robot': CMAKE_PREFIX_PATH=/opt/ros/humble /usr/bin/cmake /home/shameer/homework2b/src/mobile_dd_robot -DCMAKE_INSTALL_PREFIX=/home/shameer/homework2b/install/mobile_dd_robot
[0.239s] -- The C compiler identification is GNU 11.4.0
[0.360s] -- The CXX compiler identification is GNU 11.4.0
[0.371s] -- Detecting C compiler ABI info
[0.460s] -- Detecting C compiler ABI info - done
[0.469s] -- Check for working C compiler: /usr/bin/cc - skipped
[0.470s] -- Detecting C compile features
[0.471s] -- Detecting C compile features - done
[0.475s] -- Detecting CXX compiler ABI info
[0.578s] -- Detecting CXX compiler ABI info - done
[0.588s] -- Check for working CXX compiler: /usr/bin/c++ - skipped
[0.588s] -- Detecting CXX compile features
[0.588s] -- Detecting CXX compile features - done
[0.597s] -- Found ament_cmake: 1.3.10 (/opt/ros/humble/share/ament_cmake/cmake)
[0.782s] -- Found Python3: /usr/bin/python3 (found version "3.10.12") found components: Interpreter 
[0.902s] -- Found ament_lint_auto: 0.12.11 (/opt/ros/humble/share/ament_lint_auto/cmake)
[0.999s] -- Added test 'lint_cmake' to check CMake code style
[1.001s] -- Added test 'xmllint' to check XML markup files
[1.002s] -- Configuring done
[1.006s] -- Generating done
[1.007s] -- Build files have been written to: /home/shameer/homework2b/build/mobile_dd_robot
[1.012s] Invoked command in '/home/shameer/homework2b/build/mobile_dd_robot' returned '0': CMAKE_PREFIX_PATH=/opt/ros/humble /usr/bin/cmake /home/shameer/homework2b/src/mobile_dd_robot -DCMAKE_INSTALL_PREFIX=/home/shameer/homework2b/install/mobile_dd_robot
[1.015s] Invoking command in '/home/shameer/homework2b/build/mobile_dd_robot': CMAKE_PREFIX_PATH=/opt/ros/humble /usr/bin/cmake --build /home/shameer/homework2b/build/mobile_dd_robot -- -j8 -l8
[1.064s] Invoked command in '/home/shameer/homework2b/build/mobile_dd_robot' returned '0': CMAKE_PREFIX_PATH=/opt/ros/humble /usr/bin/cmake --build /home/shameer/homework2b/build/mobile_dd_robot -- -j8 -l8
[1.108s] Invoking command in '/home/shameer/homework2b/build/mobile_dd_robot': CMAKE_PREFIX_PATH=/opt/ros/humble /usr/bin/cmake --install /home/shameer/homework2b/build/mobile_dd_robot
[1.118s] -- Install configuration: ""
[1.118s] -- Installing: /home/shameer/homework2b/install/mobile_dd_robot/share/ament_index/resource_index/package_run_dependencies/mobile_dd_robot
[1.118s] -- Installing: /home/shameer/homework2b/install/mobile_dd_robot/share/ament_index/resource_index/parent_prefix_path/mobile_dd_robot
[1.119s] -- Installing: /home/shameer/homework2b/install/mobile_dd_robot/share/mobile_dd_robot/environment/ament_prefix_path.sh
[1.119s] -- Installing: /home/shameer/homework2b/install/mobile_dd_robot/share/mobile_dd_robot/environment/ament_prefix_path.dsv
[1.119s] -- Installing: /home/shameer/homework2b/install/mobile_dd_robot/share/mobile_dd_robot/environment/path.sh
[1.119s] -- Installing: /home/shameer/homework2b/install/mobile_dd_robot/share/mobile_dd_robot/environment/path.dsv
[1.120s] -- Installing: /home/shameer/homework2b/install/mobile_dd_robot/share/mobile_dd_robot/local_setup.bash
[1.120s] -- Installing: /home/shameer/homework2b/install/mobile_dd_robot/share/mobile_dd_robot/local_setup.sh
[1.120s] -- Installing: /home/shameer/homework2b/install/mobile_dd_robot/share/mobile_dd_robot/local_setup.zsh
[1.120s] -- Installing: /home/shameer/homework2b/install/mobile_dd_robot/share/mobile_dd_robot/local_setup.dsv
[1.120s] -- Installing: /home/shameer/homework2b/install/mobile_dd_robot/share/mobile_dd_robot/package.dsv
[1.120s] -- Installing: /home/shameer/homework2b/install/mobile_dd_robot/share/ament_index/resource_index/packages/mobile_dd_robot
[1.121s] -- Installing: /home/shameer/homework2b/install/mobile_dd_robot/share/mobile_dd_robot/cmake/mobile_dd_robotConfig.cmake
[1.121s] -- Installing: /home/shameer/homework2b/install/mobile_dd_robot/share/mobile_dd_robot/cmake/mobile_dd_robotConfig-version.cmake
[1.121s] -- Installing: /home/shameer/homework2b/install/mobile_dd_robot/share/mobile_dd_robot/package.xml
[1.124s] Invoked command in '/home/shameer/homework2b/build/mobile_dd_robot' returned '0': CMAKE_PREFIX_PATH=/opt/ros/humble /usr/bin/cmake --install /home/shameer/homework2b/build/mobile_dd_robot
